Resolving dependencies...
Downloading packages...
  _flutterfire_internals 1.3.59 (1.3.66 available)
  async 2.11.0 (2.13.0 available)
  audioplayers 6.4.0 (6.5.1 available)
  audioplayers_android 5.2.0 (5.2.1 available)
  audioplayers_darwin 6.2.0 (6.3.0 available)
  audioplayers_linux 4.2.0 (4.2.1 available)
  audioplayers_platform_interface 7.1.0 (7.1.1 available)
  audioplayers_web 5.1.0 (5.1.1 available)
  audioplayers_windows 4.2.0 (4.2.1 available)
  boolean_selector 2.1.1 (2.1.2 available)
  characters 1.3.0 (1.4.1 available)
  clock 1.1.1 (1.1.2 available)
  cloud_firestore 5.6.12 (6.1.2 available)
  cloud_firestore_platform_interface 6.6.12 (7.0.6 available)
  cloud_firestore_web 4.4.12 (5.1.2 available)
  collection 1.18.0 (1.19.1 available)
  cross_file 0.3.4+2 (0.3.5+2 available)
  fake_async 1.3.1 (1.3.3 available)
  ffi 2.1.3 (2.1.5 available)
  file_picker 8.3.7 (10.3.10 available)
  file_selector_linux 0.9.3+2 (0.9.4 available)
  file_selector_macos 0.9.4+2 (0.9.5 available)
  file_selector_platform_interface 2.6.2 (2.7.0 available)
  file_selector_windows 0.9.3+4 (0.9.3+5 available)
  firebase_auth 5.7.0 (6.1.4 available)
  firebase_auth_platform_interface 7.7.3 (8.1.6 available)
  firebase_auth_web 5.15.3 (6.1.2 available)
  firebase_core 3.15.2 (4.4.0 available)
  firebase_core_web 2.24.1 (3.4.0 available)
  firebase_messaging 15.2.10 (16.1.1 available)
  firebase_messaging_platform_interface 4.6.10 (4.7.6 available)
  firebase_messaging_web 3.10.10 (4.1.2 available)
  firebase_storage 12.4.10 (13.0.6 available)
  firebase_storage_platform_interface 5.2.10 (5.2.17 available)
  firebase_storage_web 3.10.17 (3.11.2 available)
  flutter_lints 4.0.0 (6.0.0 available)
  flutter_local_notifications 18.0.1 (20.0.0 available)
  flutter_local_notifications_linux 5.0.0 (7.0.0 available)
  flutter_local_notifications_platform_interface 8.0.0 (10.0.0 available)
  flutter_plugin_android_lifecycle 2.0.26 (2.0.33 available)
  http_parser 4.0.2 (4.1.2 available)
  image_picker 1.1.2 (1.2.1 available)
  image_picker_android 0.8.12+21 (0.8.13+13 available)
  image_picker_for_web 3.0.6 (3.1.1 available)
  image_picker_ios 0.8.12+2 (0.8.13+6 available)
  image_picker_linux 0.2.1+2 (0.2.2 available)
  image_picker_macos 0.2.1+2 (0.2.2+1 available)
  image_picker_platform_interface 2.10.1 (2.11.1 available)
  image_picker_windows 0.2.1+1 (0.2.2 available)
  js 0.6.7 (0.7.2 available)
  json_annotation 4.9.0 (4.10.0 available)
  leak_tracker 10.0.5 (11.0.2 available)
  leak_tracker_flutter_testing 3.0.5 (3.0.10 available)
  leak_tracker_testing 3.0.1 (3.0.2 available)
  lints 4.0.0 (6.1.0 available)
  matcher 0.12.16+1 (0.12.18 available)
  material_color_utilities 0.11.1 (0.13.0 available)
  meta 1.15.0 (1.18.1 available)
  path 1.9.0 (1.9.1 available)
  path_provider_android 2.2.15 (2.2.22 available)
  path_provider_foundation 2.4.1 (2.6.0 available)
  permission_handler 11.4.0 (12.0.1 available)
  permission_handler_android 12.1.0 (13.0.1 available)
  petitparser 6.0.2 (7.0.1 available)
  pointycastle 3.9.1 (4.0.0 available)
  source_span 1.10.0 (1.10.1 available)
  sqflite 2.4.1 (2.4.2 available)
  sqflite_android 2.4.0 (2.4.2+2 available)
  sqflite_common 2.5.4+6 (2.5.6 available)
  sqflite_darwin 2.4.1+1 (2.4.2 available)
  stack_trace 1.11.1 (1.12.1 available)
  stream_channel 2.1.2 (2.1.4 available)
  string_scanner 1.2.0 (1.4.1 available)
  synchronized 3.3.0+3 (3.4.0 available)
  term_glyph 1.2.1 (1.2.2 available)
  test_api 0.7.2 (0.7.9 available)
  timezone 0.10.1 (0.11.0 available)
  vector_math 2.1.4 (2.2.0 available)
  vm_service 14.2.4 (15.0.2 available)
  win32 5.10.1 (5.15.0 available)
  xml 6.5.0 (6.6.1 available)
Got dependencies!
81 packages have newer versions incompatible with dependency constraints.
Try `flutter pub outdated` for more information.

Running Gradle task 'assembleRelease'...                        
You are applying Flutter's app_plugin_loader Gradle plugin imperatively using the apply script method, which is deprecated and will be removed in a future release. Migrate to applying Gradle plugins with the declarative plugins block: https://flutter.dev/to/flutter-gradle-plugin-apply

You are applying Flutter's main Gradle plugin imperatively using the apply script method, which is deprecated and will be removed in a future release. Migrate to applying Gradle plugins with the declarative plugins block: https://flutter.dev/to/flutter-gradle-plugin-apply


FAILURE: Build failed with an exception.

* What went wrong:
A problem occurred configuring project ':record_android'.
> Could not resolve all artifacts for configuration ':record_android:classpath'.
   > Could not download sdklib-31.12.3.jar (com.android.tools:sdklib:31.12.3)
      > Could not get resource 'https://dl.google.com/dl/android/maven2/com/android/tools/sdklib/31.12.3/sdklib-31.12.3.jar'.
         > Could not GET 'https://dl.google.com/dl/android/maven2/com/android/tools/sdklib/31.12.3/sdklib-31.12.3.jar'.
            > The server may not support the client's requested TLS protocol versions: (TLSv1.2, TLSv1.3). You may need to configure the client to allow other protocols to be used. For more on this, please refer to https://docs.gradle.org/8.9/userguide/build_environment.html#sec:gradle_system_properties in the Gradle documentation.
               > Remote host terminated the handshake
   > Could not download android-device-provider-gradle-proto-31.12.3.jar (com.android.tools.utp:android-device-provider-gradle-proto:31.12.3)
      > Could not get resource 'https://dl.google.com/dl/android/maven2/com/android/tools/utp/android-device-provider-gradle-proto/31.12.3/android-device-provider-gradle-proto-31.12.3.jar'.
         > Could not GET 'https://dl.google.com/dl/android/maven2/com/android/tools/utp/android-device-provider-gradle-proto/31.12.3/android-device-provider-gradle-proto-31.12.3.jar'.
            > The server may not support the client's requested TLS protocol versions: (TLSv1.2, TLSv1.3). You may need to configure the client to allow other protocols to be used. For more on this, please refer to https://docs.gradle.org/8.9/userguide/build_environment.html#sec:gradle_system_properties in the Gradle documentation.
               > Remote host terminated the handshake
> Failed to notify project evaluation listener.
   > Could not get unknown property 'android' for project ':record_android' of type org.gradle.api.Project.
   > Could not get unknown property 'android' for project ':record_android' of type org.gradle.api.Project.

* Try:
> Run with --stacktrace option to get the stack trace.
> Run with --info or --debug option to get more log output.
> Run with --scan to get full insights.
> Get more help at https://help.gradle.org.

BUILD FAILED in 5m 15s
Running Gradle task 'assembleRelease'...                          315,6s
[!] Gradle threw an error while downloading artifacts from the network.
Retrying Gradle Build: #1, wait time: 100ms
Running Gradle task 'assembleRelease'...                        
You are applying Flutter's app_plugin_loader Gradle plugin imperatively using the apply script method, which is deprecated and will be removed in a future release. Migrate to applying Gradle plugins with the declarative plugins block: https://flutter.dev/to/flutter-gradle-plugin-apply

You are applying Flutter's main Gradle plugin imperatively using the apply script method, which is deprecated and will be removed in a future release. Migrate to applying Gradle plugins with the declarative plugins block: https://flutter.dev/to/flutter-gradle-plugin-apply

Your project is configured with Android NDK 25.1.8937393, but the following plugin(s) depend on a different Android NDK version:
- agora_rtc_engine requires Android NDK 27.0.12077973
- audioplayers_android requires Android NDK 27.0.12077973
- cloud_firestore requires Android NDK 27.0.12077973
- file_picker requires Android NDK 27.0.12077973
- firebase_auth requires Android NDK 27.0.12077973
- firebase_core requires Android NDK 27.0.12077973
- firebase_messaging requires Android NDK 27.0.12077973
- firebase_storage requires Android NDK 27.0.12077973
- flutter_local_notifications requires Android NDK 27.0.12077973
- flutter_plugin_android_lifecycle requires Android NDK 27.0.12077973
- image_picker_android requires Android NDK 27.0.12077973
- iris_method_channel requires Android NDK 27.0.12077973
- path_provider_android requires Android NDK 27.0.12077973
- permission_handler_android requires Android NDK 27.0.12077973
- record_android requires Android NDK 27.0.12077973
- sqflite_android requires Android NDK 27.0.12077973
Fix this issue by using the highest Android NDK version (they are backward compatible).
Add the following to C:\Users\1\Desktop\cursor\massengerIosAndroid\android\app\build.gradle:

    android {
        ndkVersion = "27.0.12077973"
        ...
    }


FAILURE: Build failed with an exception.

* What went wrong:
Execution failed for task ':agora_rtc_engine:configureCMakeRelWithDebInfo[armeabi-v7a]'.
> Unable to delete directory 'C:\Users\1\Desktop\cursor\massengerIosAndroid\build\agora_rtc_engine\intermediates\cxx\RelWithDebInfo\376i511m\logs\armeabi-v7a'
    Failed to delete some children. This might happen because a process has files open or has its working directory set in the target directory.
    - C:\Users\1\Desktop\cursor\massengerIosAndroid\build\agora_rtc_engine\intermediates\cxx\RelWithDebInfo\376i511m\logs\armeabi-v7a\configure_stderr.txt
    - C:\Users\1\Desktop\cursor\massengerIosAndroid\build\agora_rtc_engine\intermediates\cxx\RelWithDebInfo\376i511m\logs\armeabi-v7a\configure_stdout.txt

* Try:
> Run with --stacktrace option to get the stack trace.
> Run with --info or --debug option to get more log output.
> Run with --scan to get full insights.
> Get more help at https://help.gradle.org.

BUILD FAILED in 31s
Running Gradle task 'assembleRelease'...                           31,7s
Gradle task assembleRelease failed with exit code 1
